mode: set
SortShapesService\mymodels\shapes.go:26.48,28.2 1 1
SortShapesService\mymodels\shapes.go:31.53,31.80 1 1
SortShapesService\mymodels\shapes.go:36.58,38.58 1 1
SortShapesService\mymodels\shapes.go:41.2,41.60 1 1
SortShapesService\mymodels\shapes.go:38.58,40.3 1 1
SortShapesService\mymodels\shapes.go:51.45,54.2 1 1
SortShapesService\mymodels\shapes.go:55.50,55.77 1 0
SortShapesService\mymodels\shapes.go:58.55,59.56 1 1
SortShapesService\mymodels\shapes.go:63.2,63.58 1 1
SortShapesService\mymodels\shapes.go:59.56,61.3 1 1
